<?xml version="1.0" encoding="UTF-8"?>
<!-- Generated by org.testng.reporters.JUnitReportReporter -->
<testsuite hostname="LAPTOP-G3G0JE44" failures="0" tests="2" name="com.sddevops.selenium_maven.eclipse.NewTest" time="0.987" errors="0" timestamp="2022-01-24T12:32:46 GMT+08:00" skipped="0">
  <testcase classname="com.sddevops.selenium_maven.eclipse.NewTest" name="checkId" time="0.338"/>
  <testcase classname="com.sddevops.selenium_maven.eclipse.NewTest" name="checkTitle" time="0.649"/>
</testsuite> <!-- com.sddevops.selenium_maven.eclipse.NewTest -->
